2014-07-20 22:37:06,621 WARN  [SoapUI] Missing folder [/Users/cyrus/workspace/soapui-util/./ext] for external libraries
2014-07-20 22:37:06,627 INFO  [DefaultSoapUICore] initialized soapui-settings from [/Users/cyrus/soapui-settings.xml]
2014-07-20 22:37:07,023 INFO  [SchemaUtils] Added default schema from file:/Users/cyrus/workspace/soapui-util/javalib/soapui-4.5.2.jar!/com/eviware/soapui/resources/xsds/xop.xsd with targetNamespace http://www.w3.org/2004/08/xop/include
2014-07-20 22:37:07,083 INFO  [SchemaUtils] Added default schema from file:/Users/cyrus/workspace/soapui-util/javalib/soapui-4.5.2.jar!/com/eviware/soapui/resources/xsds/XMLSchema.xsd with targetNamespace http://www.w3.org/2001/XMLSchema
2014-07-20 22:37:07,085 INFO  [SchemaUtils] Added default schema from file:/Users/cyrus/workspace/soapui-util/javalib/soapui-4.5.2.jar!/com/eviware/soapui/resources/xsds/xml.xsd with targetNamespace http://www.w3.org/XML/1998/namespace
2014-07-20 22:37:07,086 INFO  [SchemaUtils] Added default schema from file:/Users/cyrus/workspace/soapui-util/javalib/soapui-4.5.2.jar!/com/eviware/soapui/resources/xsds/swaref.xsd with targetNamespace http://ws-i.org/profiles/basic/1.1/xsd
2014-07-20 22:37:07,087 INFO  [SchemaUtils] Added default schema from file:/Users/cyrus/workspace/soapui-util/javalib/soapui-4.5.2.jar!/com/eviware/soapui/resources/xsds/xmime200505.xsd with targetNamespace http://www.w3.org/2005/05/xmlmime
2014-07-20 22:37:07,088 INFO  [SchemaUtils] Added default schema from file:/Users/cyrus/workspace/soapui-util/javalib/soapui-4.5.2.jar!/com/eviware/soapui/resources/xsds/xmime200411.xsd with targetNamespace http://www.w3.org/2004/11/xmlmime
2014-07-20 22:37:07,090 INFO  [SchemaUtils] Added default schema from file:/Users/cyrus/workspace/soapui-util/javalib/soapui-4.5.2.jar!/com/eviware/soapui/resources/xsds/soapEnvelope.xsd with targetNamespace http://schemas.xmlsoap.org/soap/envelope/
2014-07-20 22:37:07,096 INFO  [SchemaUtils] Added default schema from file:/Users/cyrus/workspace/soapui-util/javalib/soapui-4.5.2.jar!/com/eviware/soapui/resources/xsds/soapEncoding.xsd with targetNamespace http://schemas.xmlsoap.org/soap/encoding/
2014-07-20 22:37:07,099 INFO  [SchemaUtils] Added default schema from file:/Users/cyrus/workspace/soapui-util/javalib/soapui-4.5.2.jar!/com/eviware/soapui/resources/xsds/soapEnvelope12.xsd with targetNamespace http://www.w3.org/2003/05/soap-envelope
2014-07-20 22:37:07,105 INFO  [SchemaUtils] Added default schema from file:/Users/cyrus/workspace/soapui-util/javalib/soapui-4.5.2.jar!/com/eviware/soapui/resources/xsds/soapEncoding12.xsd with targetNamespace http://www.w3.org/2003/05/soap-encoding
2014-07-20 22:37:07,201 INFO  [SchemaUtils] Loading schema types from [file:/Users/cyrus/workspace/soapui-util/spec/wsdl/spyne.wsdl]
2014-07-20 22:37:07,201 INFO  [SchemaUtils] Getting schema file:/Users/cyrus/workspace/soapui-util/spec/wsdl/spyne.wsdl
2014-07-20 22:37:07,512 INFO  [WsdlImporter] Finding importer for {spyne.examples.hello}Application
2014-07-20 22:37:07,515 INFO  [WsdlImporter] Importing binding {spyne.examples.hello}Application
2014-07-20 22:37:07,543 INFO  [Soap11HttpBindingImporter] importing endpoint http://localhost:8000/
2014-07-20 22:37:07,549 INFO  [Soap11HttpBindingImporter] importing operation say_hello
2014-07-20 22:37:07,668 ERROR [SoapUI] An error occured [CHS7KARLGOL01: CHS7KARLGOL01: nodename nor servname provided, or not known], see error log for details
2014-07-20 22:37:07,669 ERROR [errorlog] java.net.UnknownHostException: CHS7KARLGOL01: CHS7KARLGOL01: nodename nor servname provided, or not known
java.net.UnknownHostException: CHS7KARLGOL01: CHS7KARLGOL01: nodename nor servname provided, or not known
	at java.net.InetAddress.getLocalHost(InetAddress.java:1466)
	at com.eviware.soapui.impl.wsdl.mock.WsdlMockService.<init>(WsdlMockService.java:115)
	at com.eviware.soapui.impl.wsdl.WsdlProject.addNewMockService(WsdlProject.java:1248)
	at com.soapuiutil.wsdlvalidator.WsdlMessageValidator.<init>(WsdlMessageValidator.java:82)
Caused by: java.net.UnknownHostException: CHS7KARLGOL01: nodename nor servname provided, or not known
	at java.net.Inet6AddressImpl.lookupAllHostAddr(Native Method)
	at java.net.InetAddress$1.lookupAllHostAddr(InetAddress.java:894)
	at java.net.InetAddress.getAddressesFromNameService(InetAddress.java:1286)
	at java.net.InetAddress.getLocalHost(InetAddress.java:1462)
	... 3 more
2014-07-20 22:37:07,732 INFO  [SchemaUtils] Loading schema types from [file:/Users/cyrus/workspace/soapui-util/spec/wsdl/spyne.wsdl]
2014-07-20 22:37:07,732 INFO  [SchemaUtils] Getting schema file:/Users/cyrus/workspace/soapui-util/spec/wsdl/spyne.wsdl
2014-07-20 22:37:07,879 INFO  [SchemaUtils] Loading schema types from [file:/Users/cyrus/workspace/soapui-util/spec/wsdl/spyne.wsdl]
2014-07-20 22:37:07,879 INFO  [SchemaUtils] Getting schema file:/Users/cyrus/workspace/soapui-util/spec/wsdl/spyne.wsdl
2014-07-20 22:37:08,003 INFO  [WsdlImporter] Finding importer for {spyne.examples.hello}Application
2014-07-20 22:37:08,003 INFO  [WsdlImporter] Importing binding {spyne.examples.hello}Application
2014-07-20 22:37:08,004 INFO  [Soap11HttpBindingImporter] importing endpoint http://localhost:8000/
2014-07-20 22:37:08,004 INFO  [Soap11HttpBindingImporter] importing operation say_hello
2014-07-20 22:37:08,012 ERROR [SoapUI] An error occured [CHS7KARLGOL01: CHS7KARLGOL01: nodename nor servname provided, or not known], see error log for details
2014-07-20 22:37:08,012 ERROR [errorlog] java.net.UnknownHostException: CHS7KARLGOL01: CHS7KARLGOL01: nodename nor servname provided, or not known
java.net.UnknownHostException: CHS7KARLGOL01: CHS7KARLGOL01: nodename nor servname provided, or not known
	at java.net.InetAddress.getLocalHost(InetAddress.java:1466)
	at com.eviware.soapui.impl.wsdl.mock.WsdlMockService.<init>(WsdlMockService.java:115)
	at com.eviware.soapui.impl.wsdl.WsdlProject.addNewMockService(WsdlProject.java:1248)
	at com.soapuiutil.wsdlvalidator.WsdlMessageValidator.<init>(WsdlMessageValidator.java:82)
Caused by: java.net.UnknownHostException: CHS7KARLGOL01: nodename nor servname provided, or not known
	at java.net.Inet6AddressImpl.lookupAllHostAddr(Native Method)
	at java.net.InetAddress$1.lookupAllHostAddr(InetAddress.java:894)
	at java.net.InetAddress.getAddressesFromNameService(InetAddress.java:1286)
	at java.net.InetAddress.getLocalHost(InetAddress.java:1462)
	... 3 more
2014-07-20 22:37:08,028 INFO  [SchemaUtils] Loading schema types from [file:/Users/cyrus/workspace/soapui-util/spec/wsdl/spyne.wsdl]
2014-07-20 22:37:08,029 INFO  [SchemaUtils] Getting schema file:/Users/cyrus/workspace/soapui-util/spec/wsdl/spyne.wsdl
2014-07-20 22:37:08,150 INFO  [SchemaUtils] Loading schema types from [file:/Users/cyrus/workspace/soapui-util/spec/wsdl/spyne.wsdl]
2014-07-20 22:37:08,150 INFO  [SchemaUtils] Getting schema file:/Users/cyrus/workspace/soapui-util/spec/wsdl/spyne.wsdl
2014-07-20 22:37:08,249 INFO  [WsdlImporter] Finding importer for {spyne.examples.hello}Application
2014-07-20 22:37:08,249 INFO  [WsdlImporter] Importing binding {spyne.examples.hello}Application
2014-07-20 22:37:08,249 INFO  [Soap11HttpBindingImporter] importing endpoint http://localhost:8000/
2014-07-20 22:37:08,249 INFO  [Soap11HttpBindingImporter] importing operation say_hello
2014-07-20 22:37:08,259 ERROR [SoapUI] An error occured [CHS7KARLGOL01: CHS7KARLGOL01: nodename nor servname provided, or not known], see error log for details
2014-07-20 22:37:08,259 ERROR [errorlog] java.net.UnknownHostException: CHS7KARLGOL01: CHS7KARLGOL01: nodename nor servname provided, or not known
java.net.UnknownHostException: CHS7KARLGOL01: CHS7KARLGOL01: nodename nor servname provided, or not known
	at java.net.InetAddress.getLocalHost(InetAddress.java:1466)
	at com.eviware.soapui.impl.wsdl.mock.WsdlMockService.<init>(WsdlMockService.java:115)
	at com.eviware.soapui.impl.wsdl.WsdlProject.addNewMockService(WsdlProject.java:1248)
	at com.soapuiutil.wsdlvalidator.WsdlMessageValidator.<init>(WsdlMessageValidator.java:82)
Caused by: java.net.UnknownHostException: CHS7KARLGOL01: nodename nor servname provided, or not known
	at java.net.Inet6AddressImpl.lookupAllHostAddr(Native Method)
	at java.net.InetAddress$1.lookupAllHostAddr(InetAddress.java:894)
	at java.net.InetAddress.getAddressesFromNameService(InetAddress.java:1286)
	at java.net.InetAddress.getLocalHost(InetAddress.java:1462)
	... 3 more
2014-07-20 22:37:08,360 INFO  [SchemaUtils] Loading schema types from [file:/Users/cyrus/workspace/soapui-util/spec/wsdl/spyne.wsdl]
2014-07-20 22:37:08,360 INFO  [SchemaUtils] Getting schema file:/Users/cyrus/workspace/soapui-util/spec/wsdl/spyne.wsdl
2014-07-20 22:37:08,449 INFO  [SchemaUtils] Loading schema types from [file:/Users/cyrus/workspace/soapui-util/spec/wsdl/spyne.wsdl]
2014-07-20 22:37:08,449 INFO  [SchemaUtils] Getting schema file:/Users/cyrus/workspace/soapui-util/spec/wsdl/spyne.wsdl
2014-07-20 22:37:08,511 INFO  [WsdlImporter] Finding importer for {spyne.examples.hello}Application
2014-07-20 22:37:08,511 INFO  [WsdlImporter] Importing binding {spyne.examples.hello}Application
2014-07-20 22:37:08,511 INFO  [Soap11HttpBindingImporter] importing endpoint http://localhost:8000/
2014-07-20 22:37:08,511 INFO  [Soap11HttpBindingImporter] importing operation say_hello
2014-07-20 22:37:08,521 ERROR [SoapUI] An error occured [CHS7KARLGOL01: CHS7KARLGOL01: nodename nor servname provided, or not known], see error log for details
2014-07-20 22:37:08,521 ERROR [errorlog] java.net.UnknownHostException: CHS7KARLGOL01: CHS7KARLGOL01: nodename nor servname provided, or not known
java.net.UnknownHostException: CHS7KARLGOL01: CHS7KARLGOL01: nodename nor servname provided, or not known
	at java.net.InetAddress.getLocalHost(InetAddress.java:1466)
	at com.eviware.soapui.impl.wsdl.mock.WsdlMockService.<init>(WsdlMockService.java:115)
	at com.eviware.soapui.impl.wsdl.WsdlProject.addNewMockService(WsdlProject.java:1248)
	at com.soapuiutil.wsdlvalidator.WsdlMessageValidator.<init>(WsdlMessageValidator.java:82)
Caused by: java.net.UnknownHostException: CHS7KARLGOL01: nodename nor servname provided, or not known
	at java.net.Inet6AddressImpl.lookupAllHostAddr(Native Method)
	at java.net.InetAddress$1.lookupAllHostAddr(InetAddress.java:894)
	at java.net.InetAddress.getAddressesFromNameService(InetAddress.java:1286)
	at java.net.InetAddress.getLocalHost(InetAddress.java:1462)
	... 3 more
